<?xml version="1.0" encoding="UTF-8"?>

<mule xmlns:xsi="http://www.w3.org/2001/XMLSchema-instance"
	xmlns:munit="http://www.mulesoft.org/schema/mule/munit" xmlns:munit-tools="http://www.mulesoft.org/schema/mule/munit-tools"
	xmlns="http://www.mulesoft.org/schema/mule/core" xmlns:doc="http://www.mulesoft.org/schema/mule/documentation"
	xsi:schemaLocation="
		http://www.mulesoft.org/schema/mule/core http://www.mulesoft.org/schema/mule/core/current/mule.xsd
		http://www.mulesoft.org/schema/mule/munit http://www.mulesoft.org/schema/mule/munit/current/mule-munit.xsd
		http://www.mulesoft.org/schema/mule/munit-tools  http://www.mulesoft.org/schema/mule/munit-tools/current/mule-munit-tools.xsd">
	<munit:config name="test-impl-test-suite.xml" />
	<munit:test name="test-impl-test-suite-test-implFlowTest" description="Test" doc:id="22ac49e6-1516-4da1-b32c-c713d2a96689" >
		<munit:execution >
			<flow-ref doc:name="Flow-ref to test-implFlow" doc:id="451b45ed-5154-4d19-96e1-05205493fd70" name="test-implFlow"/>
		</munit:execution>
		<munit:validation >
			<logger level="INFO" doc:name="Logger" doc:id="0a209382-350e-45c3-b468-c438db8646e8" message="#[payload.message]"/>
			<munit-tools:assert-that doc:name="Assert that" doc:id="1607a2a4-7efd-422f-83d9-fbda0012e996" expression="#[payload]" is="#[MunitTools::notNullValue()]"/>
		</munit:validation>
	</munit:test>

</mule>
