<?xml version="1.0" encoding="UTF-8"?>

<mule xmlns:api-gateway="http://www.mulesoft.org/schema/mule/api-gateway" xmlns:ee="http://www.mulesoft.org/schema/mule/ee/core"
	xmlns="http://www.mulesoft.org/schema/mule/core"
	xmlns:doc="http://www.mulesoft.org/schema/mule/documentation" xmlns:xsi="http://www.w3.org/2001/XMLSchema-instance" xsi:schemaLocation="http://www.mulesoft.org/schema/mule/core http://www.mulesoft.org/schema/mule/core/current/mule.xsd
http://www.mulesoft.org/schema/mule/ee/core http://www.mulesoft.org/schema/mule/ee/core/current/mule-ee.xsd
http://www.mulesoft.org/schema/mule/api-gateway http://www.mulesoft.org/schema/mule/api-gateway/current/mule-api-gateway.xsd">
	<flow name="test-implFlow" doc:id="6a20fe31-e800-4930-bf89-424280602540" >
		<logger level="INFO" doc:name="Logger" doc:id="bf93c9fc-2067-499d-a274-f4ca3ea5c932" />
		<ee:transform doc:name="Transform Message" doc:id="c0df9363-ea09-422f-a376-cddf4eb6754b" >
			<ee:message >
				<ee:set-payload ><![CDATA[%dw 2.0
output application/json
---
{
	"message":"test message"
}]]></ee:set-payload>
			</ee:message>
		</ee:transform>
	</flow>
</mule>
